<?xml version="1.0" encoding="UTF-8"?>
<testng-results ignored="0" total="4" passed="3" failed="1" skipped="0">
  <reporter-output>
  </reporter-output>
  <suite started-at="2022-04-27T14:59:06 IST" name="Suite" finished-at="2022-04-27T14:59:27 IST" duration-ms="20640">
    <groups>
    </groups>
    <test started-at="2022-04-27T14:59:06 IST" name="Test" finished-at="2022-04-27T14:59:27 IST" duration-ms="20640">
      <class name="hrmtest.Amazonweb">
        <test-method signature="setup()[pri:0, instance:hrmtest.Amazonweb@4e096385]" started-at="2022-04-27T14:59:06 IST" name="setup" finished-at="2022-04-27T14:59:19 IST" duration-ms="12898" status="PASS">
          <reporter-output>
          </reporter-output>
        </test-method> <!-- setup -->
        <test-method signature="validateTitle()[pri:0, instance:hrmtest.Amazonweb@4e096385]" started-at="2022-04-27T14:59:19 IST" name="validateTitle" finished-at="2022-04-27T14:59:19 IST" duration-ms="37" status="PASS">
          <reporter-output>
          </reporter-output>
        </test-method> <!-- validateTitle -->
        <test-method signature="validateandhandletooltip()[pri:0, instance:hrmtest.Amazonweb@4e096385]" started-at="2022-04-27T14:59:19 IST" name="validateandhandletooltip" finished-at="2022-04-27T14:59:22 IST" duration-ms="2979" status="FAIL">
          <exception class="java.lang.AssertionError">
            <message>
              <![CDATA[expected:<> but was:<Sign in>]]>
            </message>
            <full-stacktrace>
              <![CDATA[java.lang.AssertionError: expected:<> but was:<Sign in>
at org.testng.AssertJUnit.assertEquals(AssertJUnit.java:115)
at org.testng.AssertJUnit.assertEquals(AssertJUnit.java:125)
at hrmtest.Amazonweb.validateandhandletooltip(Amazonweb.java:58)
at java.base/jdk.internal.reflect.NativeMethodAccessorImpl.invoke0(Native Method)
at java.base/jdk.internal.reflect.NativeMethodAccessorImpl.invoke(NativeMethodAccessorImpl.java:77)
at java.base/jdk.internal.reflect.DelegatingMethodAccessorImpl.invoke(DelegatingMethodAccessorImpl.java:43)
at java.base/java.lang.reflect.Method.invoke(Method.java:568)
at org.testng.internal.MethodInvocationHelper.invokeMethod(MethodInvocationHelper.java:133)
at org.testng.internal.TestInvoker.invokeMethod(TestInvoker.java:598)
at org.testng.internal.TestInvoker.invokeTestMethod(TestInvoker.java:173)
at org.testng.internal.MethodRunner.runInSequence(MethodRunner.java:46)
at org.testng.internal.TestInvoker$MethodInvocationAgent.invoke(TestInvoker.java:824)
at org.testng.internal.TestInvoker.invokeTestMethods(TestInvoker.java:146)
at org.testng.internal.TestMethodWorker.invokeTestMethods(TestMethodWorker.java:146)
at org.testng.internal.TestMethodWorker.run(TestMethodWorker.java:128)
at java.base/java.util.ArrayList.forEach(ArrayList.java:1511)
at org.testng.TestRunner.privateRun(TestRunner.java:794)
at org.testng.TestRunner.run(TestRunner.java:596)
at org.testng.SuiteRunner.runTest(SuiteRunner.java:377)
at org.testng.SuiteRunner.runSequentially(SuiteRunner.java:371)
at org.testng.SuiteRunner.privateRun(SuiteRunner.java:332)
at org.testng.SuiteRunner.run(SuiteRunner.java:276)
at org.testng.SuiteRunnerWorker.runSuite(SuiteRunnerWorker.java:53)
at org.testng.SuiteRunnerWorker.run(SuiteRunnerWorker.java:96)
at org.testng.TestNG.runSuitesSequentially(TestNG.java:1212)
at org.testng.TestNG.runSuitesLocally(TestNG.java:1134)
at org.testng.TestNG.runSuites(TestNG.java:1063)
at org.testng.TestNG.run(TestNG.java:1031)
at org.testng.remote.AbstractRemoteTestNG.run(AbstractRemoteTestNG.java:115)
at org.testng.remote.RemoteTestNG.initAndRun(RemoteTestNG.java:251)
at org.testng.remote.RemoteTestNG.main(RemoteTestNG.java:77)
]]>
            </full-stacktrace>
          </exception> <!-- java.lang.AssertionError -->
          <reporter-output>
          </reporter-output>
        </test-method> <!-- validateandhandletooltip -->
      </class> <!-- hrmtest.Amazonweb -->
      <class name="configRead.Readdata">
        <test-method signature="readdata()[pri:0, instance:configRead.Readdata@69997e9d]" started-at="2022-04-27T14:59:22 IST" name="readdata" finished-at="2022-04-27T14:59:27 IST" duration-ms="4644" status="PASS">
          <reporter-output>
          </reporter-output>
        </test-method> <!-- readdata -->
      </class> <!-- configRead.Readdata -->
    </test> <!-- Test -->
  </suite> <!-- Suite -->
</testng-results>
